> DataNode [GameObject] tried to get data [name] but could not find one...
> DataNode [GameObject] tried to get data [posz] but could not find one...
> DataNode [GameObject] tried to get data [posy] but could not find one...
> DataNode [GameObject] tried to get data [posx] but could not find one...
> DataNode [GameObject] tried to get data [roll] but could not find one...
> DataNode [GameObject] tried to get data [pitch] but could not find one...
> DataNode [GameObject] tried to get data [yaw] but could not find one...
> DataNode [GameObject] tried to get data [scalez] but could not find one...
> DataNode [GameObject] tried to get data [scaley] but could not find one...
> DataNode [GameObject] tried to get data [scalex] but could not find one...
> GameObject: 4 {_gameObject_} created.
> DataNode [AICharacter] tried to get data [name] but could not find one...
> DataNode [AICharacter] tried to get data [posz] but could not find one...
> DataNode [AICharacter] tried to get data [posy] but could not find one...
> DataNode [AICharacter] tried to get data [posx] but could not find one...
> DataNode [AICharacter] tried to get data [roll] but could not find one...
> DataNode [AICharacter] tried to get data [pitch] but could not find one...
> DataNode [AICharacter] tried to get data [yaw] but could not find one...
> DataNode [AICharacter] tried to get data [scalez] but could not find one...
> DataNode [AICharacter] tried to get data [scaley] but could not find one...
> DataNode [AICharacter] tried to get data [scalex] but could not find one...
> GameObject: 5 {_gameObject_} created.
> DataNode [AICharacter] tried to get data [mesh] but could not find one...
> DataNode [AICharacter] tried to get data [material] but could not find one...
> DataNode [AICharacter] tried to get data [mesh_posz] but could not find one...
> DataNode [AICharacter] tried to get data [mesh_posy] but could not find one...
> DataNode [AICharacter] tried to get data [mesh_posx] but could not find one...
> DataNode [AICharacter] tried to get data [mesh_roll] but could not find one...
> DataNode [AICharacter] tried to get data [mesh_pitch] but could not find one...
> DataNode [AICharacter] tried to get data [mesh_yaw] but could not find one...
> DataNode [AICharacter] tried to get data [mesh_scalez] but could not find one...
> DataNode [AICharacter] tried to get data [mesh_scaley] but could not find one...
> DataNode [AICharacter] tried to get data [mesh_scalex] but could not find one...
> DataNode [AICharacter] tried to get data [mesh_cullRadius] but could not find one...
> DataNode [Camera] tried to get data [name] but could not find one...
> DataNode [Camera] tried to get data [posz] but could not find one...
> DataNode [Camera] tried to get data [posy] but could not find one...
> DataNode [Camera] tried to get data [posx] but could not find one...
> DataNode [Camera] tried to get data [roll] but could not find one...
> DataNode [Camera] tried to get data [pitch] but could not find one...
> DataNode [Camera] tried to get data [yaw] but could not find one...
> DataNode [Camera] tried to get data [scalez] but could not find one...
> DataNode [Camera] tried to get data [scaley] but could not find one...
> DataNode [Camera] tried to get data [scalex] but could not find one...
> GameObject: 6 {_gameObject_} created.
> DataNode [Camera] tried to get data [fovHoriz] but could not find one...
> DataNode [Camera] tried to get data [near] but could not find one...
> DataNode [Camera] tried to get data [far] but could not find one...
> DataNode [Camera] tried to get data [followTarget] but could not find one...
> DataNode [Character] tried to get data [name] but could not find one...
> DataNode [Character] tried to get data [posz] but could not find one...
> DataNode [Character] tried to get data [posy] but could not find one...
> DataNode [Character] tried to get data [posx] but could not find one...
> DataNode [Character] tried to get data [roll] but could not find one...
> DataNode [Character] tried to get data [pitch] but could not find one...
> DataNode [Character] tried to get data [yaw] but could not find one...
> DataNode [Character] tried to get data [scalez] but could not find one...
> DataNode [Character] tried to get data [scaley] but could not find one...
> DataNode [Character] tried to get data [scalex] but could not find one...
> GameObject: 7 {_gameObject_} created.
> DataNode [Character] tried to get data [mesh] but could not find one...
> DataNode [Character] tried to get data [material] but could not find one...
> DataNode [Character] tried to get data [mesh_posz] but could not find one...
> DataNode [Character] tried to get data [mesh_posy] but could not find one...
> DataNode [Character] tried to get data [mesh_posx] but could not find one...
> DataNode [Character] tried to get data [mesh_roll] but could not find one...
> DataNode [Character] tried to get data [mesh_pitch] but could not find one...
> DataNode [Character] tried to get data [mesh_yaw] but could not find one...
> DataNode [Character] tried to get data [mesh_scalez] but could not find one...
> DataNode [Character] tried to get data [mesh_scaley] but could not find one...
> DataNode [Character] tried to get data [mesh_scalex] but could not find one...
> DataNode [Character] tried to get data [mesh_cullRadius] but could not find one...
> DataNode [GOAPCharacter] tried to get data [name] but could not find one...
> DataNode [GOAPCharacter] tried to get data [posz] but could not find one...
> DataNode [GOAPCharacter] tried to get data [posy] but could not find one...
> DataNode [GOAPCharacter] tried to get data [posx] but could not find one...
> DataNode [GOAPCharacter] tried to get data [roll] but could not find one...
> DataNode [GOAPCharacter] tried to get data [pitch] but could not find one...
> DataNode [GOAPCharacter] tried to get data [yaw] but could not find one...
> DataNode [GOAPCharacter] tried to get data [scalez] but could not find one...
> DataNode [GOAPCharacter] tried to get data [scaley] but could not find one...
> DataNode [GOAPCharacter] tried to get data [scalex] but could not find one...
> GameObject: 8 {_gameObject_} created.
> DataNode [GOAPCharacter] tried to get data [mesh] but could not find one...
> DataNode [GOAPCharacter] tried to get data [material] but could not find one...
> DataNode [GOAPCharacter] tried to get data [mesh_posz] but could not find one...
> DataNode [GOAPCharacter] tried to get data [mesh_posy] but could not find one...
> DataNode [GOAPCharacter] tried to get data [mesh_posx] but could not find one...
> DataNode [GOAPCharacter] tried to get data [mesh_roll] but could not find one...
> DataNode [GOAPCharacter] tried to get data [mesh_pitch] but could not find one...
> DataNode [GOAPCharacter] tried to get data [mesh_yaw] but could not find one...
> DataNode [GOAPCharacter] tried to get data [mesh_scalez] but could not find one...
> DataNode [GOAPCharacter] tried to get data [mesh_scaley] but could not find one...
> DataNode [GOAPCharacter] tried to get data [mesh_scalex] but could not find one...
> DataNode [GOAPCharacter] tried to get data [mesh_cullRadius] but could not find one...
> DataNode [PointLight] tried to get data [color_b] but could not find one...
> DataNode [PointLight] tried to get data [color_g] but could not find one...
> DataNode [PointLight] tried to get data [color_r] but could not find one...
> DataNode [PointLight] tried to get data [strength] but could not find one...
> DataNode [PointLight] tried to get data [posz] but could not find one...
> DataNode [PointLight] tried to get data [posy] but could not find one...
> DataNode [PointLight] tried to get data [posx] but could not find one...
> GameObject: 9 {} created.
> DataNode [SpotLight] tried to get data [color_b] but could not find one...
> DataNode [SpotLight] tried to get data [color_g] but could not find one...
> DataNode [SpotLight] tried to get data [color_r] but could not find one...
> DataNode [SpotLight] tried to get data [strength] but could not find one...
> DataNode [SpotLight] tried to get data [posz] but could not find one...
> DataNode [SpotLight] tried to get data [posy] but could not find one...
> DataNode [SpotLight] tried to get data [posx] but could not find one...
> DataNode [SpotLight] tried to get data [dirz] but could not find one...
> DataNode [SpotLight] tried to get data [diry] but could not find one...
> DataNode [SpotLight] tried to get data [dirx] but could not find one...
> DataNode [SpotLight] tried to get data [cutoff_outer] but could not find one...
> DataNode [SpotLight] tried to get data [cutoff_inner] but could not find one...
> GameObject: 10 {} created.
> DataNode [DirLight] tried to get data [color_b] but could not find one...
> DataNode [DirLight] tried to get data [color_g] but could not find one...
> DataNode [DirLight] tried to get data [color_r] but could not find one...
> DataNode [DirLight] tried to get data [strength] but could not find one...
> DataNode [DirLight] tried to get data [posz] but could not find one...
> DataNode [DirLight] tried to get data [posy] but could not find one...
> DataNode [DirLight] tried to get data [posx] but could not find one...
> DataNode [DirLight] tried to get data [dirz] but could not find one...
> DataNode [DirLight] tried to get data [diry] but could not find one...
> DataNode [DirLight] tried to get data [dirx] but could not find one...
> GameObject: 11 {} created.
> DataNode [Player] tried to get data [name] but could not find one...
> DataNode [Player] tried to get data [posz] but could not find one...
> DataNode [Player] tried to get data [posy] but could not find one...
> DataNode [Player] tried to get data [posx] but could not find one...
> DataNode [Player] tried to get data [roll] but could not find one...
> DataNode [Player] tried to get data [pitch] but could not find one...
> DataNode [Player] tried to get data [yaw] but could not find one...
> DataNode [Player] tried to get data [scalez] but could not find one...
> DataNode [Player] tried to get data [scaley] but could not find one...
> DataNode [Player] tried to get data [scalex] but could not find one...
> GameObject: 12 {_gameObject_} created.
> DataNode [Player] tried to get data [mesh] but could not find one...
> DataNode [Player] tried to get data [material] but could not find one...
> DataNode [Player] tried to get data [mesh_posz] but could not find one...
> DataNode [Player] tried to get data [mesh_posy] but could not find one...
> DataNode [Player] tried to get data [mesh_posx] but could not find one...
> DataNode [Player] tried to get data [mesh_roll] but could not find one...
> DataNode [Player] tried to get data [mesh_pitch] but could not find one...
> DataNode [Player] tried to get data [mesh_yaw] but could not find one...
> DataNode [Player] tried to get data [mesh_scalez] but could not find one...
> DataNode [Player] tried to get data [mesh_scaley] but could not find one...
> DataNode [Player] tried to get data [mesh_scalex] but could not find one...
> DataNode [Player] tried to get data [mesh_cullRadius] but could not find one...
> DataNode [Renderable] tried to get data [name] but could not find one...
> DataNode [Renderable] tried to get data [posz] but could not find one...
> DataNode [Renderable] tried to get data [posy] but could not find one...
> DataNode [Renderable] tried to get data [posx] but could not find one...
> DataNode [Renderable] tried to get data [roll] but could not find one...
> DataNode [Renderable] tried to get data [pitch] but could not find one...
> DataNode [Renderable] tried to get data [yaw] but could not find one...
> DataNode [Renderable] tried to get data [scalez] but could not find one...
> DataNode [Renderable] tried to get data [scaley] but could not find one...
> DataNode [Renderable] tried to get data [scalex] but could not find one...
> GameObject: 13 {_gameObject_} created.
> DataNode [Renderable] tried to get data [mesh] but could not find one...
> DataNode [Renderable] tried to get data [material] but could not find one...
> DataNode [Renderable] tried to get data [mesh_posz] but could not find one...
> DataNode [Renderable] tried to get data [mesh_posy] but could not find one...
> DataNode [Renderable] tried to get data [mesh_posx] but could not find one...
> DataNode [Renderable] tried to get data [mesh_roll] but could not find one...
> DataNode [Renderable] tried to get data [mesh_pitch] but could not find one...
> DataNode [Renderable] tried to get data [mesh_yaw] but could not find one...
> DataNode [Renderable] tried to get data [mesh_scalez] but could not find one...
> DataNode [Renderable] tried to get data [mesh_scaley] but could not find one...
> DataNode [Renderable] tried to get data [mesh_scalex] but could not find one...
> DataNode [Renderable] tried to get data [mesh_cullRadius] but could not find one...
> DataNode [Trigger] tried to get data [name] but could not find one...
> DataNode [Trigger] tried to get data [posz] but could not find one...
> DataNode [Trigger] tried to get data [posy] but could not find one...
> DataNode [Trigger] tried to get data [posx] but could not find one...
> DataNode [Trigger] tried to get data [bounds_minz] but could not find one...
> DataNode [Trigger] tried to get data [bounds_miny] but could not find one...
> DataNode [Trigger] tried to get data [bounds_minx] but could not find one...
> DataNode [Trigger] tried to get data [bounds_maxz] but could not find one...
> DataNode [Trigger] tried to get data [bounds_maxy] but could not find one...
> DataNode [Trigger] tried to get data [bounds_maxx] but could not find one...
> DataNode [Trigger] tried to get data [triggerObject] but could not find one...
