Build started 2/14/2020 9:02:20 PM.
     1>Project "G:\edb\meshConvert\meshConvert\meshConvert.vcxproj" on node 2 (Build target(s)).
     1>InitializeBuildStatus:
         Creating "Release\meshConvert.tlog\unsuccessfulbuild" because "AlwaysCreate" was specified.
       ClCompile:
         C:\Program Files (x86)\Microsoft Visual Studio\2017\Community\VC\Tools\MSVC\14.13.26128\bin\HostX86\x86\CL.exe /c /Zi /nologo /W3 /WX- /diagnostics:classic /sdl /O2 /Oi /Oy- /GL /D _MBCS /Gm- /EHsc /MD /GS /Gy /fp:precise /permissive- /Zc:wchar_t /Zc:forScope /Zc:inline /Fo"Release\\" /Fd"Release\vc141.pdb" /Gd /TP /analyze- /FC /errorReport:prompt main.cpp
         main.cpp
       Link:
         C:\Program Files (x86)\Microsoft Visual Studio\2017\Community\VC\Tools\MSVC\14.13.26128\bin\HostX86\x86\link.exe /ERRORREPORT:PROMPT /OUT:"G:\edb\meshConvert\Release\meshConvert.exe" /NOLOGO kernel32.lib user32.lib gdi32.lib winspool.lib comdlg32.lib advapi32.lib shell32.lib ole32.lib oleaut32.lib uuid.lib odbc32.lib odbccp32.lib /MANIFEST /MANIFESTUAC:"level='asInvoker' uiAccess='false'" /manifest:embed /DEBUG:FULL /PDB:"G:\edb\meshConvert\Release\meshConvert.pdb" /OPT:REF /OPT:ICF /LTCG:incremental /TLBID:1 /DYNAMICBASE /NXCOMPAT /IMPLIB:"G:\edb\meshConvert\Release\meshConvert.lib" /MACHINE:X86 /SAFESEH Release\main.obj
         Generating code
         2677 of 2710 functions (98.8%) were compiled, the rest were copied from previous compilation.
           13 functions were new in current compilation
           0 functions had inline decision re-evaluated but remain unchanged
         Finished generating code
         meshConvert.vcxproj -> G:\edb\meshConvert\Release\meshConvert.exe
       FinalizeBuildStatus:
         Deleting file "Release\meshConvert.tlog\unsuccessfulbuild".
         Touching "Release\meshConvert.tlog\meshConvert.lastbuildstate".
     1>Done Building Project "G:\edb\meshConvert\meshConvert\meshConvert.vcxproj" (Build target(s)).

Build succeeded.
    0 Warning(s)
    0 Error(s)

Time Elapsed 00:00:06.53
